This file contains any messages produced by compilers while
running configure, to aid debugging if configure makes a mistake.

It was created by redshift configure 1.9.1, which was
generated by GNU Autoconf 2.69.  Invocation command line was

  $ ./configure --enable-vidmode --enable-randr

## --------- ##
## Platform. ##
## --------- ##

hostname = wks002
uname -m = i686
uname -r = 3.2.0-61-generic-pae
uname -s = Linux
uname -v = #92-Ubuntu SMP Tue Apr 1 00:10:04 UTC 2014

/usr/bin/uname -p = unknown
/bin/uname -X     = unknown

/bin/arch              = unknown
/usr/bin/arch -k       = unknown
/usr/convex/getsysinfo = unknown
/usr/bin/hostinfo      = unknown
/bin/machine           = unknown
/usr/bin/oslevel       = unknown
/bin/universe          = unknown

PATH: /usr/local/heroku/bin
PATH: /usr/local/sbin
PATH: /usr/local/bin
PATH: /usr/sbin
PATH: /usr/bin
PATH: /sbin
PATH: /bin
PATH: /usr/games
PATH: /home/work/android/dex2jar/dex2jar-0.0.9.15
PATH: /home/work/gradle/gradle-1.8/bin
PATH: /home/user1/Apps/bin
PATH: /home/work/scala/sbt/bin
PATH: /home/work/android/android-sdk-linux/tools
PATH: /home/work/android/android-sdk-linux/platform-tools
PATH: /home/work/android/dex2jar/dex2jar-0.0.9.15
PATH: /home/work/gradle/gradle-1.8/bin
PATH: /home/user1/Apps/bin
PATH: /home/work/scala/sbt/bin
PATH: /home/work/android/android-sdk-linux/tools
PATH: /home/work/android/android-sdk-linux/platform-tools


## ----------- ##
## Core tests. ##
## ----------- ##

configure:2393: checking for a BSD-compatible install
configure:2461: result: /usr/bin/install -c
configure:2472: checking whether build environment is sane
configure:2522: result: yes
configure:2663: checking for a thread-safe mkdir -p
configure:2702: result: /bin/mkdir -p
configure:2715: checking for gawk
configure:2731: found /usr/bin/gawk
configure:2742: result: gawk
configure:2753: checking whether make sets $(MAKE)
configure:2775: result: yes
configure:2867: checking whether make supports nested variables
configure:2884: result: yes
configure:2909: checking for style of include used by make
configure:2937: result: GNU
configure:3008: checking for gcc
configure:3024: found /usr/bin/gcc
configure:3035: result: gcc
configure:3264: checking for C compiler version
configure:3273: gcc --version >&5
gcc (Ubuntu/Linaro 4.6.3-1ubuntu5) 4.6.3
Copyright (C) 2011 Free Software Foundation, Inc.
This is free software; see the source for copying conditions.  There is NO
warranty; not even for MERCHANTABILITY or FITNESS FOR A PARTICULAR PURPOSE.

configure:3284: $? = 0
configure:3273: gcc -v >&5
Using built-in specs.
COLLECT_GCC=gcc
COLLECT_LTO_WRAPPER=/usr/lib/gcc/i686-linux-gnu/4.6/lto-wrapper
Target: i686-linux-gnu
Configured with: ../src/configure -v --with-pkgversion='Ubuntu/Linaro 4.6.3-1ubuntu5' --with-bugurl=file:///usr/share/doc/gcc-4.6/README.Bugs --enable-languages=c,c++,fortran,objc,obj-c++ --prefix=/usr --program-suffix=-4.6 --enable-shared --enable-linker-build-id --with-system-zlib --libexecdir=/usr/lib --without-included-gettext --enable-threads=posix --with-gxx-include-dir=/usr/include/c++/4.6 --libdir=/usr/lib --enable-nls --with-sysroot=/ --enable-clocale=gnu --enable-libstdcxx-debug --enable-libstdcxx-time=yes --enable-gnu-unique-object --enable-plugin --enable-objc-gc --enable-targets=all --disable-werror --with-arch-32=i686 --with-tune=generic --enable-checking=release --build=i686-linux-gnu --host=i686-linux-gnu --target=i686-linux-gnu
Thread model: posix
gcc version 4.6.3 (Ubuntu/Linaro 4.6.3-1ubuntu5) 
configure:3284: $? = 0
configure:3273: gcc -V >&5
gcc: error: unrecognized option '-V'
gcc: fatal error: no input files
compilation terminated.
configure:3284: $? = 4
configure:3273: gcc -qversion >&5
gcc: error: unrecognized option '-qversion'
gcc: fatal error: no input files
compilation terminated.
configure:3284: $? = 4
configure:3304: checking whether the C compiler works
configure:3326: gcc    conftest.c  >&5
configure:3330: $? = 0
configure:3378: result: yes
configure:3381: checking for C compiler default output file name
configure:3383: result: a.out
configure:3389: checking for suffix of executables
configure:3396: gcc -o conftest    conftest.c  >&5
configure:3400: $? = 0
configure:3422: result: 
configure:3444: checking whether we are cross compiling
configure:3452: gcc -o conftest    conftest.c  >&5
configure:3456: $? = 0
configure:3463: ./conftest
configure:3467: $? = 0
configure:3482: result: no
configure:3487: checking for suffix of object files
configure:3509: gcc -c   conftest.c >&5
configure:3513: $? = 0
configure:3534: result: o
configure:3538: checking whether we are using the GNU C compiler
configure:3557: gcc -c   conftest.c >&5
configure:3557: $? = 0
configure:3566: result: yes
configure:3575: checking whether gcc accepts -g
configure:3595: gcc -c -g  conftest.c >&5
configure:3595: $? = 0
configure:3636: result: yes
configure:3653: checking for gcc option to accept ISO C89
configure:3716: gcc  -c -g -O2  conftest.c >&5
configure:3716: $? = 0
configure:3729: result: none needed
configure:3751: checking dependency style of gcc
configure:3862: result: gcc3
configure:3877: checking for gcc option to accept ISO C99
configure:4026: gcc  -c -g -O2  conftest.c >&5
conftest.c:61:29: error: expected ';', ',' or ')' before 'text'
conftest.c: In function 'main':
conftest.c:115:18: error: expected '=', ',', ';', 'asm' or '__attribute__' before 'newvar'
conftest.c:115:18: error: 'newvar' undeclared (first use in this function)
conftest.c:115:18: note: each undeclared identifier is reported only once for each function it appears in
conftest.c:125:3: error: 'for' loop initial declarations are only allowed in C99 mode
conftest.c:125:3: note: use option -std=c99 or -std=gnu99 to compile your code
configure:4026: $? = 1
configure: failed program was:
| /* confdefs.h */
| #define PACKAGE_NAME "redshift"
| #define PACKAGE_TARNAME "redshift"
| #define PACKAGE_VERSION "1.9.1"
| #define PACKAGE_STRING "redshift 1.9.1"
| #define PACKAGE_BUGREPORT "https://github.com/jonls/redshift/issues"
| #define PACKAGE_URL ""
| #define PACKAGE "redshift"
| #define VERSION "1.9.1"
| /* end confdefs.h.  */
| #include <stdarg.h>
| #include <stdbool.h>
| #include <stdlib.h>
| #include <wchar.h>
| #include <stdio.h>
| 
| // Check varargs macros.  These examples are taken from C99 6.10.3.5.
| #define debug(...) fprintf (stderr, __VA_ARGS__)
| #define showlist(...) puts (#__VA_ARGS__)
| #define report(test,...) ((test) ? puts (#test) : printf (__VA_ARGS__))
| static void
| test_varargs_macros (void)
| {
|   int x = 1234;
|   int y = 5678;
|   debug ("Flag");
|   debug ("X = %d\n", x);
|   showlist (The first, second, and third items.);
|   report (x>y, "x is %d but y is %d", x, y);
| }
| 
| // Check long long types.
| #define BIG64 18446744073709551615ull
| #define BIG32 4294967295ul
| #define BIG_OK (BIG64 / BIG32 == 4294967297ull && BIG64 % BIG32 == 0)
| #if !BIG_OK
|   your preprocessor is broken;
| #endif
| #if BIG_OK
| #else
|   your preprocessor is broken;
| #endif
| static long long int bignum = -9223372036854775807LL;
| static unsigned long long int ubignum = BIG64;
| 
| struct incomplete_array
| {
|   int datasize;
|   double data[];
| };
| 
| struct named_init {
|   int number;
|   const wchar_t *name;
|   double average;
| };
| 
| typedef const char *ccp;
| 
| static inline int
| test_restrict (ccp restrict text)
| {
|   // See if C++-style comments work.
|   // Iterate through items via the restricted pointer.
|   // Also check for declarations in for loops.
|   for (unsigned int i = 0; *(text+i) != '\0'; ++i)
|     continue;
|   return 0;
| }
| 
| // Check varargs and va_copy.
| static void
| test_varargs (const char *format, ...)
| {
|   va_list args;
|   va_start (args, format);
|   va_list args_copy;
|   va_copy (args_copy, args);
| 
|   const char *str;
|   int number;
|   float fnumber;
| 
|   while (*format)
|     {
|       switch (*format++)
| 	{
| 	case 's': // string
| 	  str = va_arg (args_copy, const char *);
| 	  break;
| 	case 'd': // int
| 	  number = va_arg (args_copy, int);
| 	  break;
| 	case 'f': // float
| 	  fnumber = va_arg (args_copy, double);
| 	  break;
| 	default:
| 	  break;
| 	}
|     }
|   va_end (args_copy);
|   va_end (args);
| }
| 
| int
| main ()
| {
| 
|   // Check bool.
|   _Bool success = false;
| 
|   // Check restrict.
|   if (test_restrict ("String literal") == 0)
|     success = true;
|   char *restrict newvar = "Another string";
| 
|   // Check varargs.
|   test_varargs ("s, d' f .", "string", 65, 34.234);
|   test_varargs_macros ();
| 
|   // Check flexible array members.
|   struct incomplete_array *ia =
|     malloc (sizeof (struct incomplete_array) + (sizeof (double) * 10));
|   ia->datasize = 10;
|   for (int i = 0; i < ia->datasize; ++i)
|     ia->data[i] = i * 1.234;
| 
|   // Check named initializers.
|   struct named_init ni = {
|     .number = 34,
|     .name = L"Test wide string",
|     .average = 543.34343,
|   };
| 
|   ni.number = 58;
| 
|   int dynamic_array[ni.number];
|   dynamic_array[ni.number - 1] = 543;
| 
|   // work around unused variable warnings
|   return (!success || bignum == 0LL || ubignum == 0uLL || newvar[0] == 'x'
| 	  || dynamic_array[ni.number - 1] != 543);
| 
|   ;
|   return 0;
| }
configure:4026: gcc -std=gnu99 -c -g -O2  conftest.c >&5
configure:4026: $? = 0
configure:4046: result: -std=gnu99
configure:4058: checking whether NLS is requested
configure:4067: result: yes
configure:4108: checking for msgfmt
configure: trying /usr/bin/msgfmt...
0 translated messages.
configure:4140: result: /usr/bin/msgfmt
configure:4149: checking for gmsgfmt
configure:4180: result: /usr/bin/msgfmt
configure:4231: checking for xgettext
configure: trying /usr/bin/xgettext...
/usr/bin/xgettext: warning: file `/dev/null' extension `' is unknown; will try C
configure:4263: result: /usr/bin/xgettext
configure:4309: checking for msgmerge
configure: trying /usr/bin/msgmerge...
configure:4340: result: /usr/bin/msgmerge
configure:4377: checking build system type
configure:4391: result: i686-pc-linux-gnu
configure:4411: checking host system type
configure:4424: result: i686-pc-linux-gnu
configure:4468: checking for ld used by GCC
configure:4532: result: /usr/bin/ld
configure:4539: checking if the linker (/usr/bin/ld) is GNU ld
configure:4552: result: yes
configure:4559: checking for shared library run path origin
configure:4572: result: done
configure:5074: checking for CFPreferencesCopyAppValue
configure:5092: gcc -std=gnu99 -o conftest -g -O2   conftest.c  -Wl,-framework -Wl,CoreFoundation >&5
conftest.c:11:42: fatal error: CoreFoundation/CFPreferences.h: No such file or directory
compilation terminated.
configure:5092: $? = 1
configure: failed program was:
| /* confdefs.h */
| #define PACKAGE_NAME "redshift"
| #define PACKAGE_TARNAME "redshift"
| #define PACKAGE_VERSION "1.9.1"
| #define PACKAGE_STRING "redshift 1.9.1"
| #define PACKAGE_BUGREPORT "https://github.com/jonls/redshift/issues"
| #define PACKAGE_URL ""
| #define PACKAGE "redshift"
| #define VERSION "1.9.1"
| /* end confdefs.h.  */
| #include <CoreFoundation/CFPreferences.h>
| int
| main ()
| {
| CFPreferencesCopyAppValue(NULL, NULL)
|   ;
|   return 0;
| }
configure:5101: result: no
configure:5108: checking for CFLocaleCopyCurrent
configure:5126: gcc -std=gnu99 -o conftest -g -O2   conftest.c  -Wl,-framework -Wl,CoreFoundation >&5
conftest.c:11:37: fatal error: CoreFoundation/CFLocale.h: No such file or directory
compilation terminated.
configure:5126: $? = 1
configure: failed program was:
| /* confdefs.h */
| #define PACKAGE_NAME "redshift"
| #define PACKAGE_TARNAME "redshift"
| #define PACKAGE_VERSION "1.9.1"
| #define PACKAGE_STRING "redshift 1.9.1"
| #define PACKAGE_BUGREPORT "https://github.com/jonls/redshift/issues"
| #define PACKAGE_URL ""
| #define PACKAGE "redshift"
| #define VERSION "1.9.1"
| /* end confdefs.h.  */
| #include <CoreFoundation/CFLocale.h>
| int
| main ()
| {
| CFLocaleCopyCurrent();
|   ;
|   return 0;
| }
configure:5135: result: no
configure:5184: checking for GNU gettext in libc
configure:5204: gcc -std=gnu99 -o conftest -g -O2   conftest.c  >&5
configure:5204: $? = 0
configure:5213: result: yes
configure:5959: checking whether to use NLS
configure:5961: result: yes
configure:5964: checking where the gettext function comes from
configure:5975: result: libc
configure:6087: checking for pkg-config
configure:6105: found /usr/bin/pkg-config
configure:6117: result: /usr/bin/pkg-config
configure:6142: checking pkg-config is at least version 0.9.0
configure:6145: result: yes
configure:6155: checking for DRM
configure:6162: $PKG_CONFIG --exists --print-errors "libdrm"
configure:6165: $? = 0
configure:6179: $PKG_CONFIG --exists --print-errors "libdrm"
configure:6182: $? = 0
configure:6220: result: yes
configure:6227: checking for X11
configure:6234: $PKG_CONFIG --exists --print-errors "x11"
configure:6237: $? = 0
configure:6251: $PKG_CONFIG --exists --print-errors "x11"
configure:6254: $? = 0
configure:6292: result: yes
configure:6298: checking for XF86VM
configure:6305: $PKG_CONFIG --exists --print-errors "xxf86vm"
configure:6308: $? = 0
configure:6322: $PKG_CONFIG --exists --print-errors "xxf86vm"
configure:6325: $? = 0
configure:6363: result: yes
configure:6369: checking for XCB
configure:6376: $PKG_CONFIG --exists --print-errors "xcb"
configure:6379: $? = 0
configure:6393: $PKG_CONFIG --exists --print-errors "xcb"
configure:6396: $? = 0
configure:6434: result: yes
configure:6440: checking for XCB_RANDR
configure:6447: $PKG_CONFIG --exists --print-errors "xcb-randr"
configure:6450: $? = 0
configure:6464: $PKG_CONFIG --exists --print-errors "xcb-randr"
configure:6467: $? = 0
configure:6505: result: yes
configure:6512: checking for GLIB
configure:6519: $PKG_CONFIG --exists --print-errors "glib-2.0 gobject-2.0"
configure:6522: $? = 0
configure:6536: $PKG_CONFIG --exists --print-errors "glib-2.0 gobject-2.0"
configure:6539: $? = 0
configure:6577: result: yes
configure:6583: checking for GEOCLUE
configure:6590: $PKG_CONFIG --exists --print-errors "geoclue"
Package geoclue was not found in the pkg-config search path.
Perhaps you should add the directory containing `geoclue.pc'
to the PKG_CONFIG_PATH environment variable
No package 'geoclue' found
configure:6593: $? = 1
configure:6607: $PKG_CONFIG --exists --print-errors "geoclue"
Package geoclue was not found in the pkg-config search path.
Perhaps you should add the directory containing `geoclue.pc'
to the PKG_CONFIG_PATH environment variable
No package 'geoclue' found
configure:6610: $? = 1
configure:6624: result: no
No package 'geoclue' found
configure:6658: checking how to run the C preprocessor
configure:6689: gcc -std=gnu99 -E  conftest.c
configure:6689: $? = 0
configure:6703: gcc -std=gnu99 -E  conftest.c
conftest.c:14:28: fatal error: ac_nonexistent.h: No such file or directory
compilation terminated.
configure:6703: $? = 1
configure: failed program was:
| /* confdefs.h */
| #define PACKAGE_NAME "redshift"
| #define PACKAGE_TARNAME "redshift"
| #define PACKAGE_VERSION "1.9.1"
| #define PACKAGE_STRING "redshift 1.9.1"
| #define PACKAGE_BUGREPORT "https://github.com/jonls/redshift/issues"
| #define PACKAGE_URL ""
| #define PACKAGE "redshift"
| #define VERSION "1.9.1"
| #define ENABLE_NLS 1
| #define HAVE_GETTEXT 1
| #define HAVE_DCGETTEXT 1
| /* end confdefs.h.  */
| #include <ac_nonexistent.h>
configure:6728: result: gcc -std=gnu99 -E
configure:6748: gcc -std=gnu99 -E  conftest.c
configure:6748: $? = 0
configure:6762: gcc -std=gnu99 -E  conftest.c
conftest.c:14:28: fatal error: ac_nonexistent.h: No such file or directory
compilation terminated.
configure:6762: $? = 1
configure: failed program was:
| /* confdefs.h */
| #define PACKAGE_NAME "redshift"
| #define PACKAGE_TARNAME "redshift"
| #define PACKAGE_VERSION "1.9.1"
| #define PACKAGE_STRING "redshift 1.9.1"
| #define PACKAGE_BUGREPORT "https://github.com/jonls/redshift/issues"
| #define PACKAGE_URL ""
| #define PACKAGE "redshift"
| #define VERSION "1.9.1"
| #define ENABLE_NLS 1
| #define HAVE_GETTEXT 1
| #define HAVE_DCGETTEXT 1
| /* end confdefs.h.  */
| #include <ac_nonexistent.h>
configure:6791: checking for grep that handles long lines and -e
configure:6849: result: /bin/grep
configure:6854: checking for egrep
configure:6916: result: /bin/grep -E
configure:6921: checking for ANSI C header files
configure:6941: gcc -std=gnu99 -c -g -O2  conftest.c >&5
configure:6941: $? = 0
configure:7014: gcc -std=gnu99 -o conftest -g -O2   conftest.c  >&5
configure:7014: $? = 0
configure:7014: ./conftest
configure:7014: $? = 0
configure:7025: result: yes
configure:7038: checking for sys/types.h
configure:7038: gcc -std=gnu99 -c -g -O2  conftest.c >&5
configure:7038: $? = 0
configure:7038: result: yes
configure:7038: checking for sys/stat.h
configure:7038: gcc -std=gnu99 -c -g -O2  conftest.c >&5
configure:7038: $? = 0
configure:7038: result: yes
configure:7038: checking for stdlib.h
configure:7038: gcc -std=gnu99 -c -g -O2  conftest.c >&5
configure:7038: $? = 0
configure:7038: result: yes
configure:7038: checking for string.h
configure:7038: gcc -std=gnu99 -c -g -O2  conftest.c >&5
configure:7038: $? = 0
configure:7038: result: yes
configure:7038: checking for memory.h
configure:7038: gcc -std=gnu99 -c -g -O2  conftest.c >&5
configure:7038: $? = 0
configure:7038: result: yes
configure:7038: checking for strings.h
configure:7038: gcc -std=gnu99 -c -g -O2  conftest.c >&5
configure:7038: $? = 0
configure:7038: result: yes
configure:7038: checking for inttypes.h
configure:7038: gcc -std=gnu99 -c -g -O2  conftest.c >&5
configure:7038: $? = 0
configure:7038: result: yes
configure:7038: checking for stdint.h
configure:7038: gcc -std=gnu99 -c -g -O2  conftest.c >&5
configure:7038: $? = 0
configure:7038: result: yes
configure:7038: checking for unistd.h
configure:7038: gcc -std=gnu99 -c -g -O2  conftest.c >&5
configure:7038: $? = 0
configure:7038: result: yes
configure:7050: checking windows.h usability
configure:7050: gcc -std=gnu99 -c -g -O2  conftest.c >&5
conftest.c:57:21: fatal error: windows.h: No such file or directory
compilation terminated.
configure:7050: $? = 1
configure: failed program was:
| /* confdefs.h */
| #define PACKAGE_NAME "redshift"
| #define PACKAGE_TARNAME "redshift"
| #define PACKAGE_VERSION "1.9.1"
| #define PACKAGE_STRING "redshift 1.9.1"
| #define PACKAGE_BUGREPORT "https://github.com/jonls/redshift/issues"
| #define PACKAGE_URL ""
| #define PACKAGE "redshift"
| #define VERSION "1.9.1"
| #define ENABLE_NLS 1
| #define HAVE_GETTEXT 1
| #define HAVE_DCGETTEXT 1
| #define STDC_HEADERS 1
| #define HAVE_SYS_TYPES_H 1
| #define HAVE_SYS_STAT_H 1
| #define HAVE_STDLIB_H 1
| #define HAVE_STRING_H 1
| #define HAVE_MEMORY_H 1
| #define HAVE_STRINGS_H 1
| #define HAVE_INTTYPES_H 1
| #define HAVE_STDINT_H 1
| #define HAVE_UNISTD_H 1
| /* end confdefs.h.  */
| #include <stdio.h>
| #ifdef HAVE_SYS_TYPES_H
| # include <sys/types.h>
| #endif
| #ifdef HAVE_SYS_STAT_H
| # include <sys/stat.h>
| #endif
| #ifdef STDC_HEADERS
| # include <stdlib.h>
| # include <stddef.h>
| #else
| # ifdef HAVE_STDLIB_H
| #  include <stdlib.h>
| # endif
| #endif
| #ifdef HAVE_STRING_H
| # if !defined STDC_HEADERS && defined HAVE_MEMORY_H
| #  include <memory.h>
| # endif
| # include <string.h>
| #endif
| #ifdef HAVE_STRINGS_H
| # include <strings.h>
| #endif
| #ifdef HAVE_INTTYPES_H
| # include <inttypes.h>
| #endif
| #ifdef HAVE_STDINT_H
| # include <stdint.h>
| #endif
| #ifdef HAVE_UNISTD_H
| # include <unistd.h>
| #endif
| #include <windows.h>
configure:7050: result: no
configure:7050: checking windows.h presence
configure:7050: gcc -std=gnu99 -E  conftest.c
conftest.c:24:21: fatal error: windows.h: No such file or directory
compilation terminated.
configure:7050: $? = 1
configure: failed program was:
| /* confdefs.h */
| #define PACKAGE_NAME "redshift"
| #define PACKAGE_TARNAME "redshift"
| #define PACKAGE_VERSION "1.9.1"
| #define PACKAGE_STRING "redshift 1.9.1"
| #define PACKAGE_BUGREPORT "https://github.com/jonls/redshift/issues"
| #define PACKAGE_URL ""
| #define PACKAGE "redshift"
| #define VERSION "1.9.1"
| #define ENABLE_NLS 1
| #define HAVE_GETTEXT 1
| #define HAVE_DCGETTEXT 1
| #define STDC_HEADERS 1
| #define HAVE_SYS_TYPES_H 1
| #define HAVE_SYS_STAT_H 1
| #define HAVE_STDLIB_H 1
| #define HAVE_STRING_H 1
| #define HAVE_MEMORY_H 1
| #define HAVE_STRINGS_H 1
| #define HAVE_INTTYPES_H 1
| #define HAVE_STDINT_H 1
| #define HAVE_UNISTD_H 1
| /* end confdefs.h.  */
| #include <windows.h>
configure:7050: result: no
configure:7050: checking for windows.h
configure:7050: result: no
configure:7093: checking for a Python interpreter with version >= 3.2
configure:7110: python -c import sys # split strings by '.' and convert to numeric. Append some zeros # because we need at least 4 digits for the hex conversion. # map returns an iterator in Python 3.0 and a list in 2.x minver = list(map(int, '3.2'.split('.'))) + [0, 0, 0] minverhex = 0 # xrange is not present in Python 3.0 and range returns an iterator for i in list(range(0, 4)): minverhex = (minverhex << 8) + minver[i] sys.exit(sys.hexversion < minverhex)
configure:7113: $? = 1
configure:7110: python2 -c import sys # split strings by '.' and convert to numeric. Append some zeros # because we need at least 4 digits for the hex conversion. # map returns an iterator in Python 3.0 and a list in 2.x minver = list(map(int, '3.2'.split('.'))) + [0, 0, 0] minverhex = 0 # xrange is not present in Python 3.0 and range returns an iterator for i in list(range(0, 4)): minverhex = (minverhex << 8) + minver[i] sys.exit(sys.hexversion < minverhex)
configure:7113: $? = 1
configure:7110: python3 -c import sys # split strings by '.' and convert to numeric. Append some zeros # because we need at least 4 digits for the hex conversion. # map returns an iterator in Python 3.0 and a list in 2.x minver = list(map(int, '3.2'.split('.'))) + [0, 0, 0] minverhex = 0 # xrange is not present in Python 3.0 and range returns an iterator for i in list(range(0, 4)): minverhex = (minverhex << 8) + minver[i] sys.exit(sys.hexversion < minverhex)
./configure: line 7111: python3: command not found
configure:7113: $? = 127
configure:7110: python3.2 -c import sys # split strings by '.' and convert to numeric. Append some zeros # because we need at least 4 digits for the hex conversion. # map returns an iterator in Python 3.0 and a list in 2.x minver = list(map(int, '3.2'.split('.'))) + [0, 0, 0] minverhex = 0 # xrange is not present in Python 3.0 and range returns an iterator for i in list(range(0, 4)): minverhex = (minverhex << 8) + minver[i] sys.exit(sys.hexversion < minverhex)
./configure: line 7111: python3.2: command not found
configure:7113: $? = 127
configure:7110: python3.1 -c import sys # split strings by '.' and convert to numeric. Append some zeros # because we need at least 4 digits for the hex conversion. # map returns an iterator in Python 3.0 and a list in 2.x minver = list(map(int, '3.2'.split('.'))) + [0, 0, 0] minverhex = 0 # xrange is not present in Python 3.0 and range returns an iterator for i in list(range(0, 4)): minverhex = (minverhex << 8) + minver[i] sys.exit(sys.hexversion < minverhex)
./configure: line 7111: python3.1: command not found
configure:7113: $? = 127
configure:7110: python3.0 -c import sys # split strings by '.' and convert to numeric. Append some zeros # because we need at least 4 digits for the hex conversion. # map returns an iterator in Python 3.0 and a list in 2.x minver = list(map(int, '3.2'.split('.'))) + [0, 0, 0] minverhex = 0 # xrange is not present in Python 3.0 and range returns an iterator for i in list(range(0, 4)): minverhex = (minverhex << 8) + minver[i] sys.exit(sys.hexversion < minverhex)
./configure: line 7111: python3.0: command not found
configure:7113: $? = 127
configure:7110: python2.7 -c import sys # split strings by '.' and convert to numeric. Append some zeros # because we need at least 4 digits for the hex conversion. # map returns an iterator in Python 3.0 and a list in 2.x minver = list(map(int, '3.2'.split('.'))) + [0, 0, 0] minverhex = 0 # xrange is not present in Python 3.0 and range returns an iterator for i in list(range(0, 4)): minverhex = (minverhex << 8) + minver[i] sys.exit(sys.hexversion < minverhex)
configure:7113: $? = 1
configure:7110: python2.6 -c import sys # split strings by '.' and convert to numeric. Append some zeros # because we need at least 4 digits for the hex conversion. # map returns an iterator in Python 3.0 and a list in 2.x minver = list(map(int, '3.2'.split('.'))) + [0, 0, 0] minverhex = 0 # xrange is not present in Python 3.0 and range returns an iterator for i in list(range(0, 4)): minverhex = (minverhex << 8) + minver[i] sys.exit(sys.hexversion < minverhex)
./configure: line 7111: python2.6: command not found
configure:7113: $? = 127
configure:7110: python2.5 -c import sys # split strings by '.' and convert to numeric. Append some zeros # because we need at least 4 digits for the hex conversion. # map returns an iterator in Python 3.0 and a list in 2.x minver = list(map(int, '3.2'.split('.'))) + [0, 0, 0] minverhex = 0 # xrange is not present in Python 3.0 and range returns an iterator for i in list(range(0, 4)): minverhex = (minverhex << 8) + minver[i] sys.exit(sys.hexversion < minverhex)
./configure: line 7111: python2.5: command not found
configure:7113: $? = 127
configure:7110: python2.4 -c import sys # split strings by '.' and convert to numeric. Append some zeros # because we need at least 4 digits for the hex conversion. # map returns an iterator in Python 3.0 and a list in 2.x minver = list(map(int, '3.2'.split('.'))) + [0, 0, 0] minverhex = 0 # xrange is not present in Python 3.0 and range returns an iterator for i in list(range(0, 4)): minverhex = (minverhex << 8) + minver[i] sys.exit(sys.hexversion < minverhex)
./configure: line 7111: python2.4: command not found
configure:7113: $? = 127
configure:7110: python2.3 -c import sys # split strings by '.' and convert to numeric. Append some zeros # because we need at least 4 digits for the hex conversion. # map returns an iterator in Python 3.0 and a list in 2.x minver = list(map(int, '3.2'.split('.'))) + [0, 0, 0] minverhex = 0 # xrange is not present in Python 3.0 and range returns an iterator for i in list(range(0, 4)): minverhex = (minverhex << 8) + minver[i] sys.exit(sys.hexversion < minverhex)
./configure: line 7111: python2.3: command not found
configure:7113: $? = 127
configure:7110: python2.2 -c import sys # split strings by '.' and convert to numeric. Append some zeros # because we need at least 4 digits for the hex conversion. # map returns an iterator in Python 3.0 and a list in 2.x minver = list(map(int, '3.2'.split('.'))) + [0, 0, 0] minverhex = 0 # xrange is not present in Python 3.0 and range returns an iterator for i in list(range(0, 4)): minverhex = (minverhex << 8) + minver[i] sys.exit(sys.hexversion < minverhex)
./configure: line 7111: python2.2: command not found
configure:7113: $? = 127
configure:7110: python2.1 -c import sys # split strings by '.' and convert to numeric. Append some zeros # because we need at least 4 digits for the hex conversion. # map returns an iterator in Python 3.0 and a list in 2.x minver = list(map(int, '3.2'.split('.'))) + [0, 0, 0] minverhex = 0 # xrange is not present in Python 3.0 and range returns an iterator for i in list(range(0, 4)): minverhex = (minverhex << 8) + minver[i] sys.exit(sys.hexversion < minverhex)
./configure: line 7111: python2.1: command not found
configure:7113: $? = 127
configure:7110: python2.0 -c import sys # split strings by '.' and convert to numeric. Append some zeros # because we need at least 4 digits for the hex conversion. # map returns an iterator in Python 3.0 and a list in 2.x minver = list(map(int, '3.2'.split('.'))) + [0, 0, 0] minverhex = 0 # xrange is not present in Python 3.0 and range returns an iterator for i in list(range(0, 4)): minverhex = (minverhex << 8) + minver[i] sys.exit(sys.hexversion < minverhex)
./configure: line 7111: python2.0: command not found
configure:7113: $? = 127
configure:7119: result: none
configure:7288: checking whether to enable DRM method
configure:7304: result: yes
configure:7338: checking whether to enable RANDR method
configure:7354: result: yes
configure:7388: checking whether to enable VidMode method
configure:7404: result: yes
configure:7438: checking whether to enable WinGDI method
configure:7460: result: missing dependencies
configure:7489: checking whether to enable Geoclue location provider
configure:7511: result: missing dependencies
configure:7540: checking whether to enable GUI status icon
configure:7559: result: missing dependencies
configure:7587: checking whether to enable Ubuntu icons
configure:7603: result: no
configure:7672: checking for pkg-config
configure:7702: result: /usr/bin/pkg-config
configure:7727: checking pkg-config is at least version 0.9.0
configure:7730: result: yes
configure:7738: checking Directory to install systemd user unit files
configure:7758: result: not enabled
configure:7777: checking locale.h usability
configure:7777: gcc -std=gnu99 -c -g -O2  conftest.c >&5
configure:7777: $? = 0
configure:7777: result: yes
configure:7777: checking locale.h presence
configure:7777: gcc -std=gnu99 -E  conftest.c
configure:7777: $? = 0
configure:7777: result: yes
configure:7777: checking for locale.h
configure:7777: result: yes
configure:7777: checking for stdint.h
configure:7777: result: yes
configure:7777: checking for stdlib.h
configure:7777: result: yes
configure:7777: checking for string.h
configure:7777: result: yes
configure:7777: checking for unistd.h
configure:7777: result: yes
configure:7777: checking signal.h usability
configure:7777: gcc -std=gnu99 -c -g -O2  conftest.c >&5
configure:7777: $? = 0
configure:7777: result: yes
configure:7777: checking signal.h presence
configure:7777: gcc -std=gnu99 -E  conftest.c
configure:7777: $? = 0
configure:7777: result: yes
configure:7777: checking for signal.h
configure:7777: result: yes
configure:7789: checking for uint16_t
configure:7789: gcc -std=gnu99 -c -g -O2  conftest.c >&5
configure:7789: $? = 0
configure:7789: result: yes
configure:7803: checking for library containing clock_gettime
configure:7834: gcc -std=gnu99 -o conftest -g -O2   conftest.c  >&5
/tmp/ccKvu3Cn.o: In function `main':
/home/work/git/carrot-project/infra/redshift/redshift-1.9.1/conftest.c:44: undefined reference to `clock_gettime'
collect2: ld returned 1 exit status
configure:7834: $? = 1
configure: failed program was:
| /* confdefs.h */
| #define PACKAGE_NAME "redshift"
| #define PACKAGE_TARNAME "redshift"
| #define PACKAGE_VERSION "1.9.1"
| #define PACKAGE_STRING "redshift 1.9.1"
| #define PACKAGE_BUGREPORT "https://github.com/jonls/redshift/issues"
| #define PACKAGE_URL ""
| #define PACKAGE "redshift"
| #define VERSION "1.9.1"
| #define ENABLE_NLS 1
| #define HAVE_GETTEXT 1
| #define HAVE_DCGETTEXT 1
| #define STDC_HEADERS 1
| #define HAVE_SYS_TYPES_H 1
| #define HAVE_SYS_STAT_H 1
| #define HAVE_STDLIB_H 1
| #define HAVE_STRING_H 1
| #define HAVE_MEMORY_H 1
| #define HAVE_STRINGS_H 1
| #define HAVE_INTTYPES_H 1
| #define HAVE_STDINT_H 1
| #define HAVE_UNISTD_H 1
| #define ENABLE_DRM 1
| #define ENABLE_RANDR 1
| #define ENABLE_VIDMODE 1
| #define HAVE_LOCALE_H 1
| #define HAVE_STDINT_H 1
| #define HAVE_STDLIB_H 1
| #define HAVE_STRING_H 1
| #define HAVE_UNISTD_H 1
| #define HAVE_SIGNAL_H 1
| /* end confdefs.h.  */
| 
| /* Override any GCC internal prototype to avoid an error.
|    Use char because int might match the return type of a GCC
|    builtin and then its argument prototype would still apply.  */
| #ifdef __cplusplus
| extern "C"
| #endif
| char clock_gettime ();
| int
| main ()
| {
| return clock_gettime ();
|   ;
|   return 0;
| }
configure:7834: gcc -std=gnu99 -o conftest -g -O2   conftest.c -lrt   >&5
configure:7834: $? = 0
configure:7851: result: -lrt
configure:7859: checking for library containing floor
configure:7890: gcc -std=gnu99 -o conftest -g -O2   conftest.c -lrt  >&5
conftest.c:40:6: warning: conflicting types for built-in function 'floor' [enabled by default]
/tmp/ccciCvNB.o: In function `main':
/home/work/git/carrot-project/infra/redshift/redshift-1.9.1/conftest.c:44: undefined reference to `floor'
collect2: ld returned 1 exit status
configure:7890: $? = 1
configure: failed program was:
| /* confdefs.h */
| #define PACKAGE_NAME "redshift"
| #define PACKAGE_TARNAME "redshift"
| #define PACKAGE_VERSION "1.9.1"
| #define PACKAGE_STRING "redshift 1.9.1"
| #define PACKAGE_BUGREPORT "https://github.com/jonls/redshift/issues"
| #define PACKAGE_URL ""
| #define PACKAGE "redshift"
| #define VERSION "1.9.1"
| #define ENABLE_NLS 1
| #define HAVE_GETTEXT 1
| #define HAVE_DCGETTEXT 1
| #define STDC_HEADERS 1
| #define HAVE_SYS_TYPES_H 1
| #define HAVE_SYS_STAT_H 1
| #define HAVE_STDLIB_H 1
| #define HAVE_STRING_H 1
| #define HAVE_MEMORY_H 1
| #define HAVE_STRINGS_H 1
| #define HAVE_INTTYPES_H 1
| #define HAVE_STDINT_H 1
| #define HAVE_UNISTD_H 1
| #define ENABLE_DRM 1
| #define ENABLE_RANDR 1
| #define ENABLE_VIDMODE 1
| #define HAVE_LOCALE_H 1
| #define HAVE_STDINT_H 1
| #define HAVE_STDLIB_H 1
| #define HAVE_STRING_H 1
| #define HAVE_UNISTD_H 1
| #define HAVE_SIGNAL_H 1
| /* end confdefs.h.  */
| 
| /* Override any GCC internal prototype to avoid an error.
|    Use char because int might match the return type of a GCC
|    builtin and then its argument prototype would still apply.  */
| #ifdef __cplusplus
| extern "C"
| #endif
| char floor ();
| int
| main ()
| {
| return floor ();
|   ;
|   return 0;
| }
configure:7890: gcc -std=gnu99 -o conftest -g -O2   conftest.c -lm  -lrt  >&5
conftest.c:40:6: warning: conflicting types for built-in function 'floor' [enabled by default]
configure:7890: $? = 0
configure:7907: result: -lm
configure:7918: checking for setlocale
configure:7918: gcc -std=gnu99 -o conftest -g -O2   conftest.c -lm -lrt  >&5
configure:7918: $? = 0
configure:7918: result: yes
configure:7918: checking for strchr
configure:7918: gcc -std=gnu99 -o conftest -g -O2   conftest.c -lm -lrt  >&5
conftest.c:57:6: warning: conflicting types for built-in function 'strchr' [enabled by default]
configure:7918: $? = 0
configure:7918: result: yes
configure:7918: checking for floor
configure:7918: gcc -std=gnu99 -o conftest -g -O2   conftest.c -lm -lrt  >&5
conftest.c:58:6: warning: conflicting types for built-in function 'floor' [enabled by default]
configure:7918: $? = 0
configure:7918: result: yes
configure:7918: checking for pow
configure:7918: gcc -std=gnu99 -o conftest -g -O2   conftest.c -lm -lrt  >&5
conftest.c:59:6: warning: conflicting types for built-in function 'pow' [enabled by default]
configure:7918: $? = 0
configure:7918: result: yes
configure:7918: checking for clock_gettime
configure:7918: gcc -std=gnu99 -o conftest -g -O2   conftest.c -lm -lrt  >&5
configure:7918: $? = 0
configure:7918: result: yes
configure:8092: creating ./config.status

## ---------------------- ##
## Running config.status. ##
## ---------------------- ##

This file was extended by redshift config.status 1.9.1, which was
generated by GNU Autoconf 2.69.  Invocation command line was

  CONFIG_FILES    = 
  CONFIG_HEADERS  = 
  CONFIG_LINKS    = 
  CONFIG_COMMANDS = 
  $ ./config.status 

on wks002

config.status:949: creating Makefile
config.status:949: creating po/Makefile.in
config.status:949: creating src/Makefile
config.status:949: creating src/redshift-gtk/Makefile
config.status:949: creating contrib/redshift.spec
config.status:949: creating config.h
config.status:1178: executing depfiles commands
config.status:1178: executing po-directories commands

## ---------------- ##
## Cache variables. ##
## ---------------- ##

ac_cv_build=i686-pc-linux-gnu
ac_cv_c_compiler_gnu=yes
ac_cv_c_uint16_t=yes
ac_cv_env_CC_set=
ac_cv_env_CC_value=
ac_cv_env_CFLAGS_set=
ac_cv_env_CFLAGS_value=
ac_cv_env_CPPFLAGS_set=
ac_cv_env_CPPFLAGS_value=
ac_cv_env_CPP_set=
ac_cv_env_CPP_value=
ac_cv_env_DRM_CFLAGS_set=
ac_cv_env_DRM_CFLAGS_value=
ac_cv_env_DRM_LIBS_set=
ac_cv_env_DRM_LIBS_value=
ac_cv_env_GEOCLUE_CFLAGS_set=
ac_cv_env_GEOCLUE_CFLAGS_value=
ac_cv_env_GEOCLUE_LIBS_set=
ac_cv_env_GEOCLUE_LIBS_value=
ac_cv_env_GLIB_CFLAGS_set=
ac_cv_env_GLIB_CFLAGS_value=
ac_cv_env_GLIB_LIBS_set=
ac_cv_env_GLIB_LIBS_value=
ac_cv_env_LDFLAGS_set=
ac_cv_env_LDFLAGS_value=
ac_cv_env_LIBS_set=
ac_cv_env_LIBS_value=
ac_cv_env_PKG_CONFIG_LIBDIR_set=
ac_cv_env_PKG_CONFIG_LIBDIR_value=
ac_cv_env_PKG_CONFIG_PATH_set=
ac_cv_env_PKG_CONFIG_PATH_value=
ac_cv_env_PKG_CONFIG_set=
ac_cv_env_PKG_CONFIG_value=
ac_cv_env_PYTHON_set=
ac_cv_env_PYTHON_value=
ac_cv_env_X11_CFLAGS_set=
ac_cv_env_X11_CFLAGS_value=
ac_cv_env_X11_LIBS_set=
ac_cv_env_X11_LIBS_value=
ac_cv_env_XCB_CFLAGS_set=
ac_cv_env_XCB_CFLAGS_value=
ac_cv_env_XCB_LIBS_set=
ac_cv_env_XCB_LIBS_value=
ac_cv_env_XCB_RANDR_CFLAGS_set=
ac_cv_env_XCB_RANDR_CFLAGS_value=
ac_cv_env_XCB_RANDR_LIBS_set=
ac_cv_env_XCB_RANDR_LIBS_value=
ac_cv_env_XF86VM_CFLAGS_set=
ac_cv_env_XF86VM_CFLAGS_value=
ac_cv_env_XF86VM_LIBS_set=
ac_cv_env_XF86VM_LIBS_value=
ac_cv_env_build_alias_set=
ac_cv_env_build_alias_value=
ac_cv_env_host_alias_set=
ac_cv_env_host_alias_value=
ac_cv_env_target_alias_set=
ac_cv_env_target_alias_value=
ac_cv_func_clock_gettime=yes
ac_cv_func_floor=yes
ac_cv_func_pow=yes
ac_cv_func_setlocale=yes
ac_cv_func_strchr=yes
ac_cv_header_inttypes_h=yes
ac_cv_header_locale_h=yes
ac_cv_header_memory_h=yes
ac_cv_header_signal_h=yes
ac_cv_header_stdc=yes
ac_cv_header_stdint_h=yes
ac_cv_header_stdlib_h=yes
ac_cv_header_string_h=yes
ac_cv_header_strings_h=yes
ac_cv_header_sys_stat_h=yes
ac_cv_header_sys_types_h=yes
ac_cv_header_unistd_h=yes
ac_cv_header_windows_h=no
ac_cv_host=i686-pc-linux-gnu
ac_cv_objext=o
ac_cv_path_EGREP='/bin/grep -E'
ac_cv_path_GMSGFMT=/usr/bin/msgfmt
ac_cv_path_GREP=/bin/grep
ac_cv_path_MSGFMT=/usr/bin/msgfmt
ac_cv_path_MSGMERGE=/usr/bin/msgmerge
ac_cv_path_XGETTEXT=/usr/bin/xgettext
ac_cv_path_ac_pt_PKG_CONFIG=/usr/bin/pkg-config
ac_cv_path_install='/usr/bin/install -c'
ac_cv_path_mkdir=/bin/mkdir
ac_cv_prog_AWK=gawk
ac_cv_prog_CPP='gcc -std=gnu99 -E'
ac_cv_prog_ac_ct_CC=gcc
ac_cv_prog_cc_c89=
ac_cv_prog_cc_c99=-std=gnu99
ac_cv_prog_cc_g=yes
ac_cv_prog_make_make_set=yes
ac_cv_search_clock_gettime=-lrt
ac_cv_search_floor=-lm
acl_cv_hardcode_direct=no
acl_cv_hardcode_libdir_flag_spec='${wl}-rpath ${wl}$libdir'
acl_cv_hardcode_libdir_separator=
acl_cv_hardcode_minus_L=no
acl_cv_libext=a
acl_cv_libname_spec='lib$name'
acl_cv_library_names_spec='$libname$shrext'
acl_cv_path_LD=/usr/bin/ld
acl_cv_prog_gnu_ld=yes
acl_cv_rpath=done
acl_cv_shlibext=so
acl_cv_wl=-Wl,
am_cv_CC_dependencies_compiler_type=gcc3
am_cv_make_support_nested_variables=yes
am_cv_pathless_PYTHON=none
gt_cv_func_CFLocaleCopyCurrent=no
gt_cv_func_CFPreferencesCopyAppValue=no
gt_cv_func_gnugettext1_libc=yes
pkg_cv_DRM_CFLAGS='-I/usr/include/libdrm  '
pkg_cv_DRM_LIBS='-ldrm  '
pkg_cv_GLIB_CFLAGS='-I/usr/include/glib-2.0 -I/usr/lib/i386-linux-gnu/glib-2.0/include  '
pkg_cv_GLIB_LIBS='-lgobject-2.0 -lglib-2.0  '
pkg_cv_X11_CFLAGS=' '
pkg_cv_X11_LIBS='-lX11  '
pkg_cv_XCB_CFLAGS=' '
pkg_cv_XCB_LIBS='-lxcb  '
pkg_cv_XCB_RANDR_CFLAGS=' '
pkg_cv_XCB_RANDR_LIBS='-lxcb-randr -lxcb  '
pkg_cv_XF86VM_CFLAGS=' '
pkg_cv_XF86VM_LIBS='-lXxf86vm  '

## ----------------- ##
## Output variables. ##
## ----------------- ##

ACLOCAL='${SHELL} /home/work/git/carrot-project/infra/redshift/redshift-1.9.1/missing --run aclocal-1.11'
AMDEPBACKSLASH='\'
AMDEP_FALSE='#'
AMDEP_TRUE=''
AMTAR='$${TAR-tar}'
AM_BACKSLASH='\'
AM_DEFAULT_V='$(AM_DEFAULT_VERBOSITY)'
AM_DEFAULT_VERBOSITY='0'
AM_V='$(V)'
AUTOCONF='${SHELL} /home/work/git/carrot-project/infra/redshift/redshift-1.9.1/missing --run autoconf'
AUTOHEADER='${SHELL} /home/work/git/carrot-project/infra/redshift/redshift-1.9.1/missing --run autoheader'
AUTOMAKE='${SHELL} /home/work/git/carrot-project/infra/redshift/redshift-1.9.1/missing --run automake-1.11'
AWK='gawk'
CC='gcc -std=gnu99'
CCDEPMODE='depmode=gcc3'
CFLAGS='-g -O2'
CPP='gcc -std=gnu99 -E'
CPPFLAGS=''
CYGPATH_W='echo'
DEFS='-DHAVE_CONFIG_H'
DEPDIR='.deps'
DRM_CFLAGS='-I/usr/include/libdrm  '
DRM_LIBS='-ldrm  '
ECHO_C=''
ECHO_N='-n'
ECHO_T=''
EGREP='/bin/grep -E'
ENABLE_DRM_FALSE='#'
ENABLE_DRM_TRUE=''
ENABLE_GEOCLUE_FALSE=''
ENABLE_GEOCLUE_TRUE='#'
ENABLE_GUI_FALSE=''
ENABLE_GUI_TRUE='#'
ENABLE_RANDR_FALSE='#'
ENABLE_RANDR_TRUE=''
ENABLE_SYSTEMD_FALSE=''
ENABLE_SYSTEMD_TRUE='#'
ENABLE_UBUNTU_FALSE=''
ENABLE_UBUNTU_TRUE='#'
ENABLE_VIDMODE_FALSE='#'
ENABLE_VIDMODE_TRUE=''
ENABLE_WINGDI_FALSE=''
ENABLE_WINGDI_TRUE='#'
EXEEXT=''
GEOCLUE_CFLAGS=''
GEOCLUE_LIBS=''
GETTEXT_MACRO_VERSION='0.17'
GLIB_CFLAGS='-I/usr/include/glib-2.0 -I/usr/lib/i386-linux-gnu/glib-2.0/include  '
GLIB_LIBS='-lgobject-2.0 -lglib-2.0  '
GMSGFMT='/usr/bin/msgfmt'
GMSGFMT_015='/usr/bin/msgfmt'
GREP='/bin/grep'
INSTALL_DATA='${INSTALL} -m 644'
INSTALL_PROGRAM='${INSTALL}'
INSTALL_SCRIPT='${INSTALL}'
INSTALL_STRIP_PROGRAM='$(install_sh) -c -s'
INTLLIBS=''
INTL_MACOSX_LIBS=''
LDFLAGS=''
LIBICONV='-liconv'
LIBINTL=''
LIBOBJS=''
LIBS='-lm -lrt '
LTLIBICONV='-liconv'
LTLIBINTL=''
LTLIBOBJS=''
MAKEINFO='${SHELL} /home/work/git/carrot-project/infra/redshift/redshift-1.9.1/missing --run makeinfo'
MKDIR_P='/bin/mkdir -p'
MSGFMT='/usr/bin/msgfmt'
MSGFMT_015='/usr/bin/msgfmt'
MSGMERGE='/usr/bin/msgmerge'
OBJEXT='o'
PACKAGE='redshift'
PACKAGE_BUGREPORT='https://github.com/jonls/redshift/issues'
PACKAGE_NAME='redshift'
PACKAGE_STRING='redshift 1.9.1'
PACKAGE_TARNAME='redshift'
PACKAGE_URL=''
PACKAGE_VERSION='1.9.1'
PATH_SEPARATOR=':'
PKG_CONFIG='/usr/bin/pkg-config'
PKG_CONFIG_LIBDIR=''
PKG_CONFIG_PATH=''
POSUB='po'
PYTHON=':'
PYTHON_EXEC_PREFIX=''
PYTHON_PLATFORM=''
PYTHON_PREFIX=''
PYTHON_VERSION=''
SET_MAKE=''
SHELL='/bin/bash'
STRIP=''
USE_NLS='yes'
VERSION='1.9.1'
X11_CFLAGS=' '
X11_LIBS='-lX11  '
XCB_CFLAGS=' '
XCB_LIBS='-lxcb  '
XCB_RANDR_CFLAGS=' '
XCB_RANDR_LIBS='-lxcb-randr -lxcb  '
XF86VM_CFLAGS=' '
XF86VM_LIBS='-lXxf86vm  '
XGETTEXT='/usr/bin/xgettext'
XGETTEXT_015='/usr/bin/xgettext'
XGETTEXT_EXTRA_OPTIONS=''
ac_ct_CC='gcc'
am__EXEEXT_FALSE=''
am__EXEEXT_TRUE='#'
am__fastdepCC_FALSE='#'
am__fastdepCC_TRUE=''
am__include='include'
am__isrc=''
am__leading_dot='.'
am__nodep='_no'
am__quote=''
am__tar='$${TAR-tar} chof - "$$tardir"'
am__untar='$${TAR-tar} xf -'
bindir='${exec_prefix}/bin'
build='i686-pc-linux-gnu'
build_alias=''
build_cpu='i686'
build_os='linux-gnu'
build_vendor='pc'
datadir='${datarootdir}'
datarootdir='${prefix}/share'
docdir='${datarootdir}/doc/${PACKAGE_TARNAME}'
dvidir='${docdir}'
exec_prefix='${prefix}'
host='i686-pc-linux-gnu'
host_alias=''
host_cpu='i686'
host_os='linux-gnu'
host_vendor='pc'
htmldir='${docdir}'
includedir='${prefix}/include'
infodir='${datarootdir}/info'
install_sh='${SHELL} /home/work/git/carrot-project/infra/redshift/redshift-1.9.1/install-sh'
libdir='${exec_prefix}/lib'
libexecdir='${exec_prefix}/libexec'
localedir='${datarootdir}/locale'
localstatedir='${prefix}/var'
mandir='${datarootdir}/man'
mkdir_p='/bin/mkdir -p'
oldincludedir='/usr/include'
pdfdir='${docdir}'
pkgpyexecdir=''
pkgpythondir=''
prefix='/usr/local'
program_transform_name='s,x,x,'
psdir='${docdir}'
pyexecdir=''
pythondir=''
sbindir='${exec_prefix}/sbin'
sharedstatedir='${prefix}/com'
sysconfdir='${prefix}/etc'
systemduserunitdir=''
target_alias=''

## ----------- ##
## confdefs.h. ##
## ----------- ##

/* confdefs.h */
#define PACKAGE_NAME "redshift"
#define PACKAGE_TARNAME "redshift"
#define PACKAGE_VERSION "1.9.1"
#define PACKAGE_STRING "redshift 1.9.1"
#define PACKAGE_BUGREPORT "https://github.com/jonls/redshift/issues"
#define PACKAGE_URL ""
#define PACKAGE "redshift"
#define VERSION "1.9.1"
#define ENABLE_NLS 1
#define HAVE_GETTEXT 1
#define HAVE_DCGETTEXT 1
#define STDC_HEADERS 1
#define HAVE_SYS_TYPES_H 1
#define HAVE_SYS_STAT_H 1
#define HAVE_STDLIB_H 1
#define HAVE_STRING_H 1
#define HAVE_MEMORY_H 1
#define HAVE_STRINGS_H 1
#define HAVE_INTTYPES_H 1
#define HAVE_STDINT_H 1
#define HAVE_UNISTD_H 1
#define ENABLE_DRM 1
#define ENABLE_RANDR 1
#define ENABLE_VIDMODE 1
#define HAVE_LOCALE_H 1
#define HAVE_STDINT_H 1
#define HAVE_STDLIB_H 1
#define HAVE_STRING_H 1
#define HAVE_UNISTD_H 1
#define HAVE_SIGNAL_H 1
#define HAVE_SETLOCALE 1
#define HAVE_STRCHR 1
#define HAVE_FLOOR 1
#define HAVE_POW 1
#define HAVE_CLOCK_GETTIME 1

configure: exit 0
